Determining if the pthread_create exist failed with the following output:
Change Dir: /home/vjiaoblack/Classes/CMSC-23800/codename-ted/test_modules/test_ogre/CMakeFiles/CMakeTmp

Run Build Command:"/usr/bin/make" "cmTC_5b3ba/fast"
/usr/bin/make -f CMakeFiles/cmTC_5b3ba.dir/build.make CMakeFiles/cmTC_5b3ba.dir/build
make[1]: Entering directory '/home/vjiaoblack/Classes/CMSC-23800/codename-ted/test_modules/test_ogre/CMakeFiles/CMakeTmp'
Building C object CMakeFiles/cmTC_5b3ba.dir/CheckSymbolExists.c.o
/usr/bin/cc     -o CMakeFiles/cmTC_5b3ba.dir/CheckSymbolExists.c.o   -c /home/vjiaoblack/Classes/CMSC-23800/codename-ted/test_modules/test_ogre/CMakeFiles/CMakeTmp/CheckSymbolExists.c
Linking C executable cmTC_5b3ba
/usr/bin/cmake -E cmake_link_script CMakeFiles/cmTC_5b3ba.dir/link.txt --verbose=1
/usr/bin/cc       CMakeFiles/cmTC_5b3ba.dir/CheckSymbolExists.c.o  -o cmTC_5b3ba -rdynamic 
CMakeFiles/cmTC_5b3ba.dir/CheckSymbolExists.c.o: In function `main':
CheckSymbolExists.c:(.text+0x16): undefined reference to `pthread_create'
collect2: error: ld returned 1 exit status
CMakeFiles/cmTC_5b3ba.dir/build.make:97: recipe for target 'cmTC_5b3ba' failed
make[1]: *** [cmTC_5b3ba] Error 1
make[1]: Leaving directory '/home/vjiaoblack/Classes/CMSC-23800/codename-ted/test_modules/test_ogre/CMakeFiles/CMakeTmp'
Makefile:126: recipe for target 'cmTC_5b3ba/fast' failed
make: *** [cmTC_5b3ba/fast] Error 2

File /home/vjiaoblack/Classes/CMSC-23800/codename-ted/test_modules/test_ogre/CMakeFiles/CMakeTmp/CheckSymbolExists.c:
/* */
#include <pthread.h>

int main(int argc, char** argv)
{
  (void)argv;
#ifndef pthread_create
  return ((int*)(&pthread_create))[argc];
#else
  (void)argc;
  return 0;
#endif
}

Determining if the function pthread_create exists in the pthreads failed with the following output:
Change Dir: /home/vjiaoblack/Classes/CMSC-23800/codename-ted/test_modules/test_ogre/CMakeFiles/CMakeTmp

Run Build Command:"/usr/bin/make" "cmTC_c67d9/fast"
/usr/bin/make -f CMakeFiles/cmTC_c67d9.dir/build.make CMakeFiles/cmTC_c67d9.dir/build
make[1]: Entering directory '/home/vjiaoblack/Classes/CMSC-23800/codename-ted/test_modules/test_ogre/CMakeFiles/CMakeTmp'
Building C object CMakeFiles/cmTC_c67d9.dir/CheckFunctionExists.c.o
/usr/bin/cc    -DCHECK_FUNCTION_EXISTS=pthread_create   -o CMakeFiles/cmTC_c67d9.dir/CheckFunctionExists.c.o   -c /usr/share/cmake-3.5/Modules/CheckFunctionExists.c
Linking C executable cmTC_c67d9
/usr/bin/cmake -E cmake_link_script CMakeFiles/cmTC_c67d9.dir/link.txt --verbose=1
/usr/bin/cc   -DCHECK_FUNCTION_EXISTS=pthread_create    CMakeFiles/cmTC_c67d9.dir/CheckFunctionExists.c.o  -o cmTC_c67d9 -rdynamic -lpthreads 
/usr/bin/ld: cannot find -lpthreads
collect2: error: ld returned 1 exit status
CMakeFiles/cmTC_c67d9.dir/build.make:97: recipe for target 'cmTC_c67d9' failed
make[1]: *** [cmTC_c67d9] Error 1
make[1]: Leaving directory '/home/vjiaoblack/Classes/CMSC-23800/codename-ted/test_modules/test_ogre/CMakeFiles/CMakeTmp'
Makefile:126: recipe for target 'cmTC_c67d9/fast' failed
make: *** [cmTC_c67d9/fast] Error 2


